Added Component: Designator=C1(C1206C106M4PACTU_CAP1206)
Add component (AddParameter): Name = "Capacitance"; Value = "10 µF"; VariantName = "[No Variations]"
Add component (AddParameter): Name = "Rated Voltage"; Value = "16V"; VariantName = "[No Variations]"
Added Component: Designator=C2(GCM188R71E104KA57D)
Add component (AddParameter): Name = "Capacitance"; Value = "0.1 µF"; VariantName = "[No Variations]"
Add component (AddParameter): Name = "Rated Voltage"; Value = "25V"; VariantName = "[No Variations]"
Added Component: Designator=D1(S1GB-13-F_DIODE)
Add component (AddParameter): Name = "IFSM"; Value = "8.0A"; VariantName = "[No Variations]"
Add component (AddParameter): Name = "VRRM"; Value = "325V"; VariantName = "[No Variations]"
Added Component: Designator=J1(5024430370_MOLEX_CONN)
Added Component: Designator=J2(CUI_TBL008V-1000-03BE)
Added Component: Designator=J3(CUI_TBL008V-1000-03BE)
Added Component: Designator=K1(T9AS5D12-5_SPDT_RELAY)
Add component (AddParameter): Name = "Coil Current"; Value = "200mA"; VariantName = "[No Variations]"
Add component (AddParameter): Name = "Coil Power"; Value = "1W"; VariantName = "[No Variations]"
Add component (AddParameter): Name = "Coil Resistance"; Value = "25R"; VariantName = "[No Variations]"
Add component (AddParameter): Name = "Coil Type"; Value = "Non-Latching"; VariantName = "[No Variations]"
Add component (AddParameter): Name = "Coil Voltage (DC)"; Value = "5V"; VariantName = "[No Variations]"
Add component (AddParameter): Name = "Contact Current Rating"; Value = "20A"; VariantName = "[No Variations]"
Add component (AddParameter): Name = "Contact Material"; Value = "Silver"; VariantName = "[No Variations]"
Add component (AddParameter): Name = "Contact Voltage Rating (AC)"; Value = "277V"; VariantName = "[No Variations]"
Add component (AddParameter): Name = "Current Rating"; Value = "30A"; VariantName = "[No Variations]"
Add component (AddParameter): Name = "Height"; Value = "20.4mm"; VariantName = "[No Variations]"
Add component (AddParameter): Name = "Length"; Value = "32.5mm"; VariantName = "[No Variations]"
Add component (AddParameter): Name = "Max Operating Temperature"; Value = "85°C"; VariantName = "[No Variations]"
Add component (AddParameter): Name = "Max Voltage Rating (AC)"; Value = "277V"; VariantName = "[No Variations]"
Add component (AddParameter): Name = "Max Voltage Rating (DC)"; Value = "28V"; VariantName = "[No Variations]"
Add component (AddParameter): Name = "Min Operating Temperature"; Value = "-55°C"; VariantName = "[No Variations]"
Add component (AddParameter): Name = "Mount"; Value = "Through Hole"; VariantName = "[No Variations]"
Add component (AddParameter): Name = "Number of Pins"; Value = "5"; VariantName = "[No Variations]"
Add component (AddParameter): Name = "Operate Time"; Value = "15ms"; VariantName = "[No Variations]"
Add component (AddParameter): Name = "Package Quantity"; Value = "50"; VariantName = "[No Variations]"
Add component (AddParameter): Name = "Packaging"; Value = "Bulk"; VariantName = "[No Variations]"
Add component (AddParameter): Name = "Relay Type"; Value = "General Purpose"; VariantName = "[No Variations]"
Add component (AddParameter): Name = "Release Time"; Value = "15ms"; VariantName = "[No Variations]"
Add component (AddParameter): Name = "RoHS Compliant"; Value = "Yes"; VariantName = "[No Variations]"
Add component (AddParameter): Name = "Series"; Value = "T9A"; VariantName = "[No Variations]"
Add component (AddParameter): Name = "Termination"; Value = "PCB"; VariantName = "[No Variations]"
Add component (AddParameter): Name = "Throw Configuration"; Value = "SPDT"; VariantName = "[No Variations]"
Add component (AddParameter): Name = "Voltage Rating (DC)"; Value = "5V"; VariantName = "[No Variations]"
Add component (AddParameter): Name = "Weight"; Value = "0.918oz"; VariantName = "[No Variations]"
Add component (AddParameter): Name = "Width"; Value = "27.4mm"; VariantName = "[No Variations]"
Added Component: Designator=K2(T9AS5D12-5_SPDT_RELAY)
Add component (AddParameter): Name = "Coil Current"; Value = "200mA"; VariantName = "[No Variations]"
Add component (AddParameter): Name = "Coil Power"; Value = "1W"; VariantName = "[No Variations]"
Add component (AddParameter): Name = "Coil Resistance"; Value = "25R"; VariantName = "[No Variations]"
Add component (AddParameter): Name = "Coil Type"; Value = "Non-Latching"; VariantName = "[No Variations]"
Add component (AddParameter): Name = "Coil Voltage (DC)"; Value = "5V"; VariantName = "[No Variations]"
Add component (AddParameter): Name = "Contact Current Rating"; Value = "20A"; VariantName = "[No Variations]"
Add component (AddParameter): Name = "Contact Material"; Value = "Silver"; VariantName = "[No Variations]"
Add component (AddParameter): Name = "Contact Voltage Rating (AC)"; Value = "277V"; VariantName = "[No Variations]"
Add component (AddParameter): Name = "Current Rating"; Value = "30A"; VariantName = "[No Variations]"
Add component (AddParameter): Name = "Height"; Value = "20.4mm"; VariantName = "[No Variations]"
Add component (AddParameter): Name = "Length"; Value = "32.5mm"; VariantName = "[No Variations]"
Add component (AddParameter): Name = "Max Operating Temperature"; Value = "85°C"; VariantName = "[No Variations]"
Add component (AddParameter): Name = "Max Voltage Rating (AC)"; Value = "277V"; VariantName = "[No Variations]"
Add component (AddParameter): Name = "Max Voltage Rating (DC)"; Value = "28V"; VariantName = "[No Variations]"
Add component (AddParameter): Name = "Min Operating Temperature"; Value = "-55°C"; VariantName = "[No Variations]"
Add component (AddParameter): Name = "Mount"; Value = "Through Hole"; VariantName = "[No Variations]"
Add component (AddParameter): Name = "Number of Pins"; Value = "5"; VariantName = "[No Variations]"
Add component (AddParameter): Name = "Operate Time"; Value = "15ms"; VariantName = "[No Variations]"
Add component (AddParameter): Name = "Package Quantity"; Value = "50"; VariantName = "[No Variations]"
Add component (AddParameter): Name = "Packaging"; Value = "Bulk"; VariantName = "[No Variations]"
Add component (AddParameter): Name = "Relay Type"; Value = "General Purpose"; VariantName = "[No Variations]"
Add component (AddParameter): Name = "Release Time"; Value = "15ms"; VariantName = "[No Variations]"
Add component (AddParameter): Name = "RoHS Compliant"; Value = "Yes"; VariantName = "[No Variations]"
Add component (AddParameter): Name = "Series"; Value = "T9A"; VariantName = "[No Variations]"
Add component (AddParameter): Name = "Termination"; Value = "PCB"; VariantName = "[No Variations]"
Add component (AddParameter): Name = "Throw Configuration"; Value = "SPDT"; VariantName = "[No Variations]"
Add component (AddParameter): Name = "Voltage Rating (DC)"; Value = "5V"; VariantName = "[No Variations]"
Add component (AddParameter): Name = "Weight"; Value = "0.918oz"; VariantName = "[No Variations]"
Add component (AddParameter): Name = "Width"; Value = "27.4mm"; VariantName = "[No Variations]"
Added Component: Designator=Q1(S1GB-13-F_DIODE)
Added Component: Designator=R1(CR0201AJW-103GLF_RES0603)
Add component (AddParameter): Name = "Package"; Value = "0603"; VariantName = "[No Variations]"
Add component (AddParameter): Name = "Tolerance"; Value = "5%"; VariantName = "[No Variations]"
Added Pin To Net: NetName=5V Pin=C1-2
Added Pin To Net: NetName=5V Pin=D1-2
Added Pin To Net: NetName=5V Pin=J1-1
Added Pin To Net: NetName=5V Pin=K1-4
Added Pin To Net: NetName=5V Pin=K2-4
Added Net: Name=5V
Added Pin To Net: NetName=ENABLE_REVERSE Pin=C2-2
Added Pin To Net: NetName=ENABLE_REVERSE Pin=J1-2
Added Pin To Net: NetName=ENABLE_REVERSE Pin=Q1-1
Added Pin To Net: NetName=ENABLE_REVERSE Pin=R1-2
Added Net: Name=ENABLE_REVERSE
Added Pin To Net: NetName=GND Pin=C1-1
Added Pin To Net: NetName=GND Pin=C2-1
Added Pin To Net: NetName=GND Pin=J1-3
Added Pin To Net: NetName=GND Pin=Q1-2
Added Pin To Net: NetName=GND Pin=R1-1
Added Net: Name=GND
Added Pin To Net: NetName=IN_PHASE_A Pin=J2-1
Added Pin To Net: NetName=IN_PHASE_A Pin=J2-1
Added Pin To Net: NetName=IN_PHASE_A Pin=J2-1
Added Pin To Net: NetName=IN_PHASE_A Pin=K1-3
Added Net: Name=IN_PHASE_A
Added Pin To Net: NetName=IN_PHASE_B Pin=J2-2
Added Pin To Net: NetName=IN_PHASE_B Pin=J2-2
Added Pin To Net: NetName=IN_PHASE_B Pin=J2-2
Added Pin To Net: NetName=IN_PHASE_B Pin=K2-3
Added Net: Name=IN_PHASE_B
Added Pin To Net: NetName=OUT_PHASE_A Pin=J3-3
Added Pin To Net: NetName=OUT_PHASE_A Pin=J3-3
Added Pin To Net: NetName=OUT_PHASE_A Pin=J3-3
Added Pin To Net: NetName=OUT_PHASE_A Pin=K1-1
Added Pin To Net: NetName=OUT_PHASE_A Pin=K2-2
Added Net: Name=OUT_PHASE_A
Added Pin To Net: NetName=OUT_PHASE_B Pin=J3-2
Added Pin To Net: NetName=OUT_PHASE_B Pin=J3-2
Added Pin To Net: NetName=OUT_PHASE_B Pin=J3-2
Added Pin To Net: NetName=OUT_PHASE_B Pin=K1-2
Added Pin To Net: NetName=OUT_PHASE_B Pin=K2-1
Added Net: Name=OUT_PHASE_B
Added Pin To Net: NetName=PHASE_CONTROL_FET Pin=D1-1
Added Pin To Net: NetName=PHASE_CONTROL_FET Pin=K1-5
Added Pin To Net: NetName=PHASE_CONTROL_FET Pin=K2-5
Added Net: Name=PHASE_CONTROL_FET
Added Pin To Net: NetName=PHASE_C Pin=J2-3
Added Pin To Net: NetName=PHASE_C Pin=J2-3
Added Pin To Net: NetName=PHASE_C Pin=J2-3
Added Pin To Net: NetName=PHASE_C Pin=J3-1
Added Pin To Net: NetName=PHASE_C Pin=J3-1
Added Pin To Net: NetName=PHASE_C Pin=J3-1
Added Net: Name=PHASE_C
